cl : ligne de commande warning D9025: substitution de '/sdl' par '/GS-'
  Camera.cpp
cl : ligne de commande warning D9025: substitution de '/sdl' par '/GS-'
cl : ligne de commande warning D9025: substitution de '/sdl' par '/GS-'
  Renderer.cpp
  ul.cpp
cl : ligne de commande warning D9025: substitution de '/sdl' par '/GS-'
A:\C++\UnknownLegacy\UnknownLegacy\include\glm\detail\type_vec2.hpp(45,1): warning C4201: extension non standard utilisée : struct/union sans nom (compilation du fichier source src\renderer\Camera.cpp)
A:\C++\UnknownLegacy\UnknownLegacy\include\glm\detail\type_vec2.hpp(206): message : voir la référence à l'instanciation classe modèle 'glm::tvec2<T,P>' en cours de compilation (compilation du fichier source src\renderer\Camera.cpp)
A:\C++\UnknownLegacy\UnknownLegacy\include\glm\detail\type_vec2.hpp(46,1): warning C4201: extension non standard utilisée : struct/union sans nom (compilation du fichier source src\renderer\Camera.cpp)
A:\C++\UnknownLegacy\UnknownLegacy\include\glm\detail\type_vec2.hpp(47,1): warning C4201: extension non standard utilisée : struct/union sans nom (compilation du fichier source src\renderer\Camera.cpp)
A:\C++\UnknownLegacy\UnknownLegacy\include\glm\detail\type_vec3.hpp(45,1): warning C4201: extension non standard utilisée : struct/union sans nom (compilation du fichier source src\renderer\Camera.cpp)
A:\C++\UnknownLegacy\UnknownLegacy\include\glm\detail\type_vec3.hpp(227): message : voir la référence à l'instanciation classe modèle 'glm::tvec3<T,P>' en cours de compilation (compilation du fichier source src\renderer\Camera.cpp)
A:\C++\UnknownLegacy\UnknownLegacy\include\glm\detail\type_vec3.hpp(46,1): warning C4201: extension non standard utilisée : struct/union sans nom (compilation du fichier source src\renderer\Camera.cpp)
A:\C++\UnknownLegacy\UnknownLegacy\include\glm\detail\type_vec3.hpp(47,1): warning C4201: extension non standard utilisée : struct/union sans nom (compilation du fichier source src\renderer\Camera.cpp)
A:\C++\UnknownLegacy\UnknownLegacy\include\glm\detail\type_vec4.hpp(45,1): warning C4201: extension non standard utilisée : struct/union sans nom (compilation du fichier source src\renderer\Camera.cpp)
A:\C++\UnknownLegacy\UnknownLegacy\include\glm\detail\type_vec4.hpp(272): message : voir la référence à l'instanciation classe modèle 'glm::tvec4<T,P>' en cours de compilation (compilation du fichier source src\renderer\Camera.cpp)
A:\C++\UnknownLegacy\UnknownLegacy\include\glm\detail\type_vec4.hpp(46,1): warning C4201: extension non standard utilisée : struct/union sans nom (compilation du fichier source src\renderer\Camera.cpp)
A:\C++\UnknownLegacy\UnknownLegacy\include\glm\detail\type_vec4.hpp(47,1): warning C4201: extension non standard utilisée : struct/union sans nom (compilation du fichier source src\renderer\Camera.cpp)
A:\C++\UnknownLegacy\UnknownLegacy\include\glm\detail\type_vec2.hpp(45,1): warning C4201: extension non standard utilisée : struct/union sans nom (compilation du fichier source src\renderer\Renderer.cpp)
A:\C++\UnknownLegacy\UnknownLegacy\include\glm\detail\type_vec2.hpp(206): message : voir la référence à l'instanciation classe modèle 'glm::tvec2<T,P>' en cours de compilation (compilation du fichier source src\renderer\Renderer.cpp)
A:\C++\UnknownLegacy\UnknownLegacy\include\glm\detail\type_vec2.hpp(46,1): warning C4201: extension non standard utilisée : struct/union sans nom (compilation du fichier source src\renderer\Renderer.cpp)
A:\C++\UnknownLegacy\UnknownLegacy\include\glm\detail\type_vec2.hpp(47,1): warning C4201: extension non standard utilisée : struct/union sans nom (compilation du fichier source src\renderer\Renderer.cpp)
A:\C++\UnknownLegacy\UnknownLegacy\include\glm\detail\type_vec3.hpp(45,1): warning C4201: extension non standard utilisée : struct/union sans nom (compilation du fichier source src\renderer\Renderer.cpp)
A:\C++\UnknownLegacy\UnknownLegacy\include\glm\detail\type_vec3.hpp(227): message : voir la référence à l'instanciation classe modèle 'glm::tvec3<T,P>' en cours de compilation (compilation du fichier source src\renderer\Renderer.cpp)
A:\C++\UnknownLegacy\UnknownLegacy\include\glm\detail\type_vec3.hpp(46,1): warning C4201: extension non standard utilisée : struct/union sans nom (compilation du fichier source src\renderer\Renderer.cpp)
A:\C++\UnknownLegacy\UnknownLegacy\include\glm\detail\type_vec3.hpp(47,1): warning C4201: extension non standard utilisée : struct/union sans nom (compilation du fichier source src\renderer\Renderer.cpp)
A:\C++\UnknownLegacy\UnknownLegacy\include\glm\detail\type_vec4.hpp(45,1): warning C4201: extension non standard utilisée : struct/union sans nom (compilation du fichier source src\renderer\Renderer.cpp)
A:\C++\UnknownLegacy\UnknownLegacy\include\glm\detail\type_vec4.hpp(272): message : voir la référence à l'instanciation classe modèle 'glm::tvec4<T,P>' en cours de compilation (compilation du fichier source src\renderer\Renderer.cpp)
A:\C++\UnknownLegacy\UnknownLegacy\include\glm\detail\type_vec4.hpp(46,1): warning C4201: extension non standard utilisée : struct/union sans nom (compilation du fichier source src\renderer\Renderer.cpp)
A:\C++\UnknownLegacy\UnknownLegacy\include\glm\detail\type_vec4.hpp(47,1): warning C4201: extension non standard utilisée : struct/union sans nom (compilation du fichier source src\renderer\Renderer.cpp)
A:\C++\UnknownLegacy\UnknownLegacy\include\glm\detail\type_vec4.hpp(47,1): warning C4201: A:\C++\UnknownLegacy\UnknownLegacy\src\utils\Stream.h(7): message : note: Move and streams ?
A:\C++\UnknownLegacy\UnknownLegacy\include\glm\detail\type_vec4.hpp(47,1): warning C4201: A:\C++\UnknownLegacy\UnknownLegacy\src\utils\Stream.h(8): message : note: Stream::write ?
A:\C++\UnknownLegacy\UnknownLegacy\include\glm\detail\type_vec4.hpp(47,1): warning C4201: A:\C++\UnknownLegacy\UnknownLegacy\src\utils\Stream.h(9): message : note: Modularity std::ios::trunc
A:\C++\UnknownLegacy\UnknownLegacy\src\renderer\Camera.h(30,49): warning C4100: 'position' : paramètre formel non référencé (compilation du fichier source src\renderer\Camera.cpp)
A:\C++\UnknownLegacy\UnknownLegacy\src\renderer\Camera.h(49,23): error C2065: 'm_Position' : identificateur non déclaré (compilation du fichier source src\renderer\Camera.cpp)
A:\C++\UnknownLegacy\UnknownLegacy\src\renderer\Camera.h(49,35): error C2065: 'm_Position' : identificateur non déclaré (compilation du fichier source src\renderer\Camera.cpp)
A:\C++\UnknownLegacy\UnknownLegacy\src\renderer\Camera.h(55,5): error C2065: 'm_Position' : identificateur non déclaré (compilation du fichier source src\renderer\Camera.cpp)
A:\C++\UnknownLegacy\UnknownLegacy\src\renderer\Camera.h(57,5): error C2065: 'm_Position' : identificateur non déclaré (compilation du fichier source src\renderer\Camera.cpp)
A:\C++\UnknownLegacy\UnknownLegacy\src\renderer\Camera.h(59,5): error C2065: 'm_Position' : identificateur non déclaré (compilation du fichier source src\renderer\Camera.cpp)
A:\C++\UnknownLegacy\UnknownLegacy\src\renderer\Camera.h(61,5): error C2065: 'm_Position' : identificateur non déclaré (compilation du fichier source src\renderer\Camera.cpp)
A:\C++\UnknownLegacy\UnknownLegacy\src\renderer\Camera.h(93,1): warning C4239: extension non standard utilisée : 'initialisation' : conversion de 'physx::PxTransform' en 'physx::PxTransform &' (compilation du fichier source src\renderer\Camera.cpp)
A:\C++\UnknownLegacy\UnknownLegacy\src\renderer\Camera.h(93,1): message : Une référence non const peut uniquement être liée à lvalue (compilation du fichier source src\renderer\Camera.cpp)
A:\C++\UnknownLegacy\UnknownLegacy\src\renderer\Camera.h(98,1): error C2660: 'physx::PxRigidActor::setGlobalPose' : la fonction ne prend pas 0 arguments (compilation du fichier source src\renderer\Camera.cpp)
A:\C++\UnknownLegacy\PhysX\PhysX-4.1\physx\include\PxRigidActor.h(120,18): message : voir la déclaration de 'physx::PxRigidActor::setGlobalPose' (compilation du fichier source src\renderer\Camera.cpp)
A:\C++\UnknownLegacy\UnknownLegacy\src\renderer\Camera.h(99,3): error C2143: erreur de syntaxe : absence de ';' avant '}' (compilation du fichier source src\renderer\Camera.cpp)
A:\C++\UnknownLegacy\UnknownLegacy\src\renderer\Camera.h(30,49): warning C4100: 'position' : paramètre formel non référencé (compilation du fichier source src\renderer\Renderer.cpp)
A:\C++\UnknownLegacy\UnknownLegacy\src\renderer\Camera.h(49,23): error C2065: 'm_Position' : identificateur non déclaré (compilation du fichier source src\renderer\Renderer.cpp)
A:\C++\UnknownLegacy\UnknownLegacy\src\renderer\Camera.h(49,35): error C2065: 'm_Position' : identificateur non déclaré (compilation du fichier source src\renderer\Renderer.cpp)
A:\C++\UnknownLegacy\UnknownLegacy\src\renderer\Camera.h(55,5): error C2065: 'm_Position' : identificateur non déclaré (compilation du fichier source src\renderer\Renderer.cpp)
A:\C++\UnknownLegacy\UnknownLegacy\src\renderer\Camera.h(57,5): error C2065: 'm_Position' : identificateur non déclaré (compilation du fichier source src\renderer\Renderer.cpp)
A:\C++\UnknownLegacy\UnknownLegacy\src\renderer\Camera.h(59,5): error C2065: 'm_Position' : identificateur non déclaré (compilation du fichier source src\renderer\Renderer.cpp)
A:\C++\UnknownLegacy\UnknownLegacy\src\renderer\Camera.h(61,5): error C2065: 'm_Position' : identificateur non déclaré (compilation du fichier source src\renderer\Renderer.cpp)
A:\C++\UnknownLegacy\UnknownLegacy\src\renderer\Camera.h(93,1): warning C4239: extension non standard utilisée : 'initialisation' : conversion de 'physx::PxTransform' en 'physx::PxTransform &' (compilation du fichier source src\renderer\Renderer.cpp)
A:\C++\UnknownLegacy\UnknownLegacy\src\renderer\Camera.h(93,1): message : Une référence non const peut uniquement être liée à lvalue (compilation du fichier source src\renderer\Renderer.cpp)
A:\C++\UnknownLegacy\UnknownLegacy\src\renderer\Camera.h(98,1): error C2660: 'physx::PxRigidActor::setGlobalPose' : la fonction ne prend pas 0 arguments (compilation du fichier source src\renderer\Renderer.cpp)
A:\C++\UnknownLegacy\PhysX\PhysX-4.1\physx\include\PxRigidActor.h(120,18): message : voir la déclaration de 'physx::PxRigidActor::setGlobalPose' (compilation du fichier source src\renderer\Renderer.cpp)
A:\C++\UnknownLegacy\UnknownLegacy\src\renderer\Camera.h(99,3): error C2143: erreur de syntaxe : absence de ';' avant '}' (compilation du fichier source src\renderer\Renderer.cpp)
A:\C++\UnknownLegacy\UnknownLegacy\src\renderer\Camera.h(99,3): error C2143: A:\C++\UnknownLegacy\UnknownLegacy\src\utils\Stream.h(7): message : note: Move and streams ?
A:\C++\UnknownLegacy\UnknownLegacy\src\renderer\Camera.h(99,3): error C2143: A:\C++\UnknownLegacy\UnknownLegacy\src\utils\Stream.h(8): message : note: Stream::write ?
A:\C++\UnknownLegacy\UnknownLegacy\src\renderer\Camera.h(99,3): error C2143: A:\C++\UnknownLegacy\UnknownLegacy\src\utils\Stream.h(9): message : note: Modularity std::ios::trunc
A:\C++\UnknownLegacy\UnknownLegacy\include\glm\detail\type_vec2.hpp(45,1): warning C4201: extension non standard utilisée : struct/union sans nom (compilation du fichier source src\ul.cpp)
A:\C++\UnknownLegacy\UnknownLegacy\include\glm\detail\type_vec2.hpp(206): message : voir la référence à l'instanciation classe modèle 'glm::tvec2<T,P>' en cours de compilation (compilation du fichier source src\ul.cpp)
A:\Program Files (x86)\Microsoft Visual Studio\2019\Community\VC\Tools\MSVC\14.23.28105\include\filesystem(2091): message : voir la référence à l'instanciation classe modèle 'std::chrono::time_point<std::filesystem::_File_time_clock,std::filesystem::_File_time_clock::duration>' en cours de compilation (compilation du fichier source src\ul.cpp)
A:\Program Files (x86)\Microsoft Visual Studio\2019\Community\VC\Tools\MSVC\14.23.28105\include\xstring(1764): message : voir la référence à l'instanciation classe modèle 'std::basic_string_view<wchar_t,std::char_traits<wchar_t>>' en cours de compilation (compilation du fichier source src\ul.cpp)
A:\C++\UnknownLegacy\UnknownLegacy\include\glm\detail\type_vec2.hpp(46,1): warning C4201: extension non standard utilisée : struct/union sans nom (compilation du fichier source src\ul.cpp)
A:\C++\UnknownLegacy\UnknownLegacy\include\glm\detail\type_vec2.hpp(47,1): warning C4201: extension non standard utilisée : struct/union sans nom (compilation du fichier source src\ul.cpp)
A:\C++\UnknownLegacy\UnknownLegacy\include\glm\detail\type_vec3.hpp(45,1): warning C4201: extension non standard utilisée : struct/union sans nom (compilation du fichier source src\ul.cpp)
A:\C++\UnknownLegacy\UnknownLegacy\include\glm\detail\type_vec3.hpp(227): message : voir la référence à l'instanciation classe modèle 'glm::tvec3<T,P>' en cours de compilation (compilation du fichier source src\ul.cpp)
A:\C++\UnknownLegacy\UnknownLegacy\include\glm\detail\type_vec3.hpp(46,1): warning C4201: extension non standard utilisée : struct/union sans nom (compilation du fichier source src\ul.cpp)
A:\C++\UnknownLegacy\UnknownLegacy\include\glm\detail\type_vec3.hpp(47,1): warning C4201: extension non standard utilisée : struct/union sans nom (compilation du fichier source src\ul.cpp)
A:\C++\UnknownLegacy\UnknownLegacy\include\glm\detail\type_vec4.hpp(45,1): warning C4201: extension non standard utilisée : struct/union sans nom (compilation du fichier source src\ul.cpp)
A:\C++\UnknownLegacy\UnknownLegacy\include\glm\detail\type_vec4.hpp(272): message : voir la référence à l'instanciation classe modèle 'glm::tvec4<T,P>' en cours de compilation (compilation du fichier source src\ul.cpp)
A:\C++\UnknownLegacy\UnknownLegacy\include\glm\detail\type_vec4.hpp(46,1): warning C4201: extension non standard utilisée : struct/union sans nom (compilation du fichier source src\ul.cpp)
A:\C++\UnknownLegacy\UnknownLegacy\include\glm\detail\type_vec4.hpp(47,1): warning C4201: extension non standard utilisée : struct/union sans nom (compilation du fichier source src\ul.cpp)
A:\C++\UnknownLegacy\UnknownLegacy\include\glm\gtc\quaternion.hpp(56,1): warning C4201: extension non standard utilisée : struct/union sans nom (compilation du fichier source src\renderer\Renderer.cpp)
A:\C++\UnknownLegacy\UnknownLegacy\include\glm\gtc\quaternion.hpp(132): message : voir la référence à l'instanciation classe modèle 'glm::tquat<T,P>' en cours de compilation (compilation du fichier source src\renderer\Renderer.cpp)
A:\Program Files (x86)\Microsoft Visual Studio\2019\Community\VC\Tools\MSVC\14.23.28105\include\filesystem(2091): message : voir la référence à l'instanciation classe modèle 'std::chrono::time_point<std::filesystem::_File_time_clock,std::filesystem::_File_time_clock::duration>' en cours de compilation (compilation du fichier source src\renderer\Renderer.cpp)
A:\Program Files (x86)\Microsoft Visual Studio\2019\Community\VC\Tools\MSVC\14.23.28105\include\xstring(1764): message : voir la référence à l'instanciation classe modèle 'std::basic_string_view<wchar_t,std::char_traits<wchar_t>>' en cours de compilation (compilation du fichier source src\renderer\Renderer.cpp)
A:\C++\UnknownLegacy\UnknownLegacy\src\renderer\Renderer.h(99,18): warning C4244: 'initialisation' : conversion de 'double' en 'float', perte possible de données (compilation du fichier source src\renderer\Renderer.cpp)
A:\C++\UnknownLegacy\UnknownLegacy\src\renderer\Renderer.h(100,18): warning C4244: 'initialisation' : conversion de 'double' en 'float', perte possible de données (compilation du fichier source src\renderer\Renderer.cpp)
A:\C++\UnknownLegacy\UnknownLegacy\src\renderer\Renderer.h(101,19): warning C4244: '=' : conversion de 'double' en 'float', perte possible de données (compilation du fichier source src\renderer\Renderer.cpp)
A:\C++\UnknownLegacy\UnknownLegacy\src\renderer\Renderer.h(102,19): warning C4244: '=' : conversion de 'double' en 'float', perte possible de données (compilation du fichier source src\renderer\Renderer.cpp)
A:\C++\UnknownLegacy\UnknownLegacy\src\renderer\Renderer.h(109,33): warning C4244: 'argument' : conversion de 'double' en 'float', perte possible de données (compilation du fichier source src\renderer\Renderer.cpp)
A:\C++\UnknownLegacy\UnknownLegacy\src\renderer\Renderer.cpp(80,23): warning C4244: 'initialisation' : conversion de 'double' en 'float', perte possible de données
A:\C++\UnknownLegacy\UnknownLegacy\src\renderer\Renderer.cpp(104,29): warning C4244: '=' : conversion de 'float' en 'int', perte possible de données
A:\C++\UnknownLegacy\UnknownLegacy\src\renderer\Camera.h(30,49): warning C4100: 'position' : paramètre formel non référencé (compilation du fichier source src\ul.cpp)
A:\C++\UnknownLegacy\UnknownLegacy\src\renderer\Camera.h(49,23): error C2065: 'm_Position' : identificateur non déclaré (compilation du fichier source src\ul.cpp)
A:\C++\UnknownLegacy\UnknownLegacy\src\renderer\Camera.h(49,35): error C2065: 'm_Position' : identificateur non déclaré (compilation du fichier source src\ul.cpp)
A:\C++\UnknownLegacy\UnknownLegacy\src\renderer\Camera.h(55,5): error C2065: 'm_Position' : identificateur non déclaré (compilation du fichier source src\ul.cpp)
A:\C++\UnknownLegacy\UnknownLegacy\src\renderer\Camera.h(57,5): error C2065: 'm_Position' : identificateur non déclaré (compilation du fichier source src\ul.cpp)
A:\C++\UnknownLegacy\UnknownLegacy\src\renderer\Camera.h(59,5): error C2065: 'm_Position' : identificateur non déclaré (compilation du fichier source src\ul.cpp)
A:\C++\UnknownLegacy\UnknownLegacy\src\renderer\Camera.h(61,5): error C2065: 'm_Position' : identificateur non déclaré (compilation du fichier source src\ul.cpp)
A:\C++\UnknownLegacy\UnknownLegacy\src\renderer\Camera.h(93,1): warning C4239: extension non standard utilisée : 'initialisation' : conversion de 'physx::PxTransform' en 'physx::PxTransform &' (compilation du fichier source src\ul.cpp)
A:\C++\UnknownLegacy\UnknownLegacy\src\renderer\Camera.h(93,1): message : Une référence non const peut uniquement être liée à lvalue (compilation du fichier source src\ul.cpp)
A:\C++\UnknownLegacy\UnknownLegacy\src\renderer\Camera.h(98,1): error C2660: 'physx::PxRigidActor::setGlobalPose' : la fonction ne prend pas 0 arguments (compilation du fichier source src\ul.cpp)
A:\C++\UnknownLegacy\PhysX\PhysX-4.1\physx\include\PxRigidActor.h(120,18): message : voir la déclaration de 'physx::PxRigidActor::setGlobalPose' (compilation du fichier source src\ul.cpp)
A:\C++\UnknownLegacy\UnknownLegacy\src\renderer\Camera.h(99,3): error C2143: erreur de syntaxe : absence de ';' avant '}' (compilation du fichier source src\ul.cpp)
A:\C++\UnknownLegacy\UnknownLegacy\include\glm\gtc\quaternion.hpp(56,1): warning C4201: extension non standard utilisée : struct/union sans nom (compilation du fichier source src\ul.cpp)
A:\C++\UnknownLegacy\UnknownLegacy\include\glm\gtc\quaternion.hpp(132): message : voir la référence à l'instanciation classe modèle 'glm::tquat<T,P>' en cours de compilation (compilation du fichier source src\ul.cpp)
A:\C++\UnknownLegacy\UnknownLegacy\src\renderer\Renderer.h(99,18): warning C4244: 'initialisation' : conversion de 'double' en 'float', perte possible de données (compilation du fichier source src\ul.cpp)
A:\C++\UnknownLegacy\UnknownLegacy\src\renderer\Renderer.h(100,18): warning C4244: 'initialisation' : conversion de 'double' en 'float', perte possible de données (compilation du fichier source src\ul.cpp)
A:\C++\UnknownLegacy\UnknownLegacy\src\renderer\Renderer.h(101,19): warning C4244: '=' : conversion de 'double' en 'float', perte possible de données (compilation du fichier source src\ul.cpp)
A:\C++\UnknownLegacy\UnknownLegacy\src\renderer\Renderer.h(102,19): warning C4244: '=' : conversion de 'double' en 'float', perte possible de données (compilation du fichier source src\ul.cpp)
A:\C++\UnknownLegacy\UnknownLegacy\src\renderer\Renderer.h(109,33): warning C4244: 'argument' : conversion de 'double' en 'float', perte possible de données (compilation du fichier source src\ul.cpp)
A:\C++\UnknownLegacy\UnknownLegacy\src\ul.cpp(32,32): warning C4091: '' : ignoré à gauche de 'TypeDisplayer<has_yes<testno>>' quand aucune variable n'est déclarée
